2021-04-08 06:16:53.545 INFO  (main) [   ] o.e.j.u.log Logging initialized @6432ms to org.eclipse.jetty.util.log.Slf4jLog
2021-04-08 06:16:53.773 INFO  (main) [   ] o.e.j.s.Server jetty-9.4.34.v20201102; built: 2020-11-02T14:15:39.302Z; git: e46af88704a893fc12cb0e3bf46e2c7b48a009e7; jvm 14.0.2+12-46
2021-04-08 06:16:53.802 INFO  (main) [   ] o.e.j.d.p.ScanningAppProvider Deployment monitor [file:///Users/laksh/Desktop/Projects/Sentiment-Song-Search/solr/server/contexts/] at interval 0
2021-04-08 06:16:54.218 INFO  (main) [   ] o.e.j.w.StandardDescriptorProcessor NO JSP Support for /solr, did not find org.apache.jasper.servlet.JspServlet
2021-04-08 06:16:54.233 INFO  (main) [   ] o.e.j.s.session DefaultSessionIdManager workerName=node0
2021-04-08 06:16:54.233 INFO  (main) [   ] o.e.j.s.session No SessionScavenger set, using defaults
2021-04-08 06:16:54.236 INFO  (main) [   ] o.e.j.s.session node0 Scavenging every 660000ms
2021-04-08 06:16:54.322 INFO  (main) [   ] o.a.s.s.SolrDispatchFilter Using logger factory org.apache.logging.slf4j.Log4jLoggerFactory
2021-04-08 06:16:54.328 INFO  (main) [   ] o.a.s.s.SolrDispatchFilter  ___      _       Welcome to Apache Solr™ version 8.8.1
2021-04-08 06:16:54.329 INFO  (main) [   ] o.a.s.s.SolrDispatchFilter / __| ___| |_ _   Starting in standalone mode on port 8983
2021-04-08 06:16:54.329 INFO  (main) [   ] o.a.s.s.SolrDispatchFilter \__ \/ _ \ | '_|  Install dir: /Users/laksh/Desktop/Projects/Sentiment-Song-Search/solr
2021-04-08 06:16:54.329 INFO  (main) [   ] o.a.s.s.SolrDispatchFilter |___/\___/_|_|    Start time: 2021-04-08T06:16:54.329604Z
2021-04-08 06:16:54.347 INFO  (main) [   ] o.a.s.c.SolrPaths Using system property solr.solr.home: /Users/laksh/Desktop/Projects/Sentiment-Song-Search/solr/server/solr
2021-04-08 06:16:54.348 INFO  (main) [   ] o.a.s.c.SolrXmlConfig Loading container configuration from /Users/laksh/Desktop/Projects/Sentiment-Song-Search/solr/server/solr/solr.xml
2021-04-08 06:16:54.446 INFO  (main) [   ] o.a.s.c.SolrXmlConfig MBean server found: com.sun.jmx.mbeanserver.JmxMBeanServer@6bbe85a8, but no JMX reporters were configured - adding default JMX reporter.
2021-04-08 06:16:55.452 INFO  (main) [   ] o.a.s.h.c.HttpShardHandlerFactory Host whitelist initialized: WhitelistHostChecker [whitelistHosts=null, whitelistHostCheckingEnabled=true]
2021-04-08 06:16:55.689 WARN  (main) [   ] o.e.j.u.s.S.config Trusting all certificates configured for Client@681e144[provider=null,keyStore=null,trustStore=null]
2021-04-08 06:16:55.689 WARN  (main) [   ] o.e.j.u.s.S.config No Client EndPointIdentificationAlgorithm configured for Client@681e144[provider=null,keyStore=null,trustStore=null]
2021-04-08 06:16:55.871 WARN  (main) [   ] o.e.j.u.s.S.config Trusting all certificates configured for Client@3f9f71ff[provider=null,keyStore=null,trustStore=null]
2021-04-08 06:16:55.872 WARN  (main) [   ] o.e.j.u.s.S.config No Client EndPointIdentificationAlgorithm configured for Client@3f9f71ff[provider=null,keyStore=null,trustStore=null]
2021-04-08 06:16:55.965 WARN  (main) [   ] o.a.s.c.CoreContainer Not all security plugins configured!  authentication=disabled authorization=disabled.  Solr is only as secure as you make it. Consider configuring authentication/authorization before exposing Solr to users internal or external.  See https://s.apache.org/solrsecurity for more info
2021-04-08 06:16:56.153 INFO  (main) [   ] o.a.s.c.TransientSolrCoreCacheDefault Allocating transient cache for 2147483647 transient cores
2021-04-08 06:16:56.156 INFO  (main) [   ] o.a.s.h.a.MetricsHistoryHandler No .system collection, keeping metrics history in memory.
2021-04-08 06:16:56.242 INFO  (main) [   ] o.a.s.m.r.SolrJmxReporter JMX monitoring for 'solr.node' (registry 'solr.node') enabled at server: com.sun.jmx.mbeanserver.JmxMBeanServer@6bbe85a8
2021-04-08 06:16:56.243 INFO  (main) [   ] o.a.s.m.r.SolrJmxReporter JMX monitoring for 'solr.jvm' (registry 'solr.jvm') enabled at server: com.sun.jmx.mbeanserver.JmxMBeanServer@6bbe85a8
2021-04-08 06:16:56.249 INFO  (main) [   ] o.a.s.m.r.SolrJmxReporter JMX monitoring for 'solr.jetty' (registry 'solr.jetty') enabled at server: com.sun.jmx.mbeanserver.JmxMBeanServer@6bbe85a8
2021-04-08 06:16:56.297 INFO  (main) [   ] o.a.s.c.CorePropertiesLocator Found 1 core definitions underneath /Users/laksh/Desktop/Projects/Sentiment-Song-Search/solr/server/solr
2021-04-08 06:16:56.298 INFO  (main) [   ] o.a.s.c.CorePropertiesLocator Cores are: [songs]
2021-04-08 06:16:56.339 INFO  (coreLoadExecutor-13-thread-1) [   x:songs] o.a.s.c.SolrConfig Using Lucene MatchVersion: 8.8.1
2021-04-08 06:16:56.384 INFO  (main) [   ] o.e.j.s.h.ContextHandler Started o.e.j.w.WebAppContext@3dddefd8{/solr,file:///Users/laksh/Desktop/Projects/Sentiment-Song-Search/solr/server/solr-webapp/webapp/,AVAILABLE}{/Users/laksh/Desktop/Projects/Sentiment-Song-Search/solr/server/solr-webapp/webapp}
2021-04-08 06:16:56.395 INFO  (main) [   ] o.e.j.s.AbstractConnector Started ServerConnector@6179e425{HTTP/1.1, (http/1.1, h2c)}{0.0.0.0:8983}
2021-04-08 06:16:56.396 INFO  (main) [   ] o.e.j.s.Server Started @9285ms
2021-04-08 06:16:56.514 INFO  (coreLoadExecutor-13-thread-1) [   x:songs] o.a.s.s.IndexSchema Schema name=default-config
2021-04-08 06:16:56.856 WARN  (coreLoadExecutor-13-thread-1) [   x:songs] o.a.s.s.AbstractSpatialPrefixTreeFieldType FieldType SpatialRecursivePrefixTreeFieldType does not allow omitNorms to be specified in schema, hardcoded behavior is omitNorms=true
2021-04-08 06:16:56.856 WARN  (coreLoadExecutor-13-thread-1) [   x:songs] o.a.s.s.AbstractSpatialPrefixTreeFieldType FieldType SpatialRecursivePrefixTreeFieldType does not allow omitTermFreqAndPositions to be specified in schema, hardcoded behavior is omitTermFreqAndPositions=true
2021-04-08 06:16:56.856 WARN  (coreLoadExecutor-13-thread-1) [   x:songs] o.a.s.s.AbstractSpatialPrefixTreeFieldType FieldType SpatialRecursivePrefixTreeFieldType does not allow termOffsets to be specified in schema, hardcoded behavior is termOffsets=false
2021-04-08 06:16:56.856 WARN  (coreLoadExecutor-13-thread-1) [   x:songs] o.a.s.s.AbstractSpatialPrefixTreeFieldType FieldType SpatialRecursivePrefixTreeFieldType does not allow termPositions to be specified in schema, hardcoded behavior is termPositions=false
2021-04-08 06:16:56.856 WARN  (coreLoadExecutor-13-thread-1) [   x:songs] o.a.s.s.AbstractSpatialPrefixTreeFieldType FieldType SpatialRecursivePrefixTreeFieldType does not allow omitPositions to be specified in schema, hardcoded behavior is omitPositions=true
2021-04-08 06:16:57.020 INFO  (coreLoadExecutor-13-thread-1) [   x:songs] o.a.s.s.IndexSchema Loaded schema default-config/1.6 with uniqueid field id
2021-04-08 06:16:57.058 INFO  (coreLoadExecutor-13-thread-1) [   x:songs] o.a.s.c.CoreContainer Creating SolrCore 'songs' using configuration from instancedir /Users/laksh/Desktop/Projects/Sentiment-Song-Search/solr/server/solr/songs, trusted=true
2021-04-08 06:16:57.093 INFO  (coreLoadExecutor-13-thread-1) [   x:songs] o.a.s.m.r.SolrJmxReporter JMX monitoring for 'solr.core.songs' (registry 'solr.core.songs') enabled at server: com.sun.jmx.mbeanserver.JmxMBeanServer@6bbe85a8
2021-04-08 06:16:57.109 INFO  (coreLoadExecutor-13-thread-1) [   x:songs] o.a.s.c.SolrCore [[songs] ] Opening new SolrCore at [/Users/laksh/Desktop/Projects/Sentiment-Song-Search/solr/server/solr/songs], dataDir=[/Users/laksh/Desktop/Projects/Sentiment-Song-Search/solr/server/solr/songs/data/]
2021-04-08 06:16:57.903 INFO  (coreLoadExecutor-13-thread-1) [   x:songs] o.a.s.u.UpdateHandler Using UpdateLog implementation: org.apache.solr.update.UpdateLog
2021-04-08 06:16:57.903 INFO  (coreLoadExecutor-13-thread-1) [   x:songs] o.a.s.u.UpdateLog Initializing UpdateLog: dataDir= defaultSyncLevel=FLUSH numRecordsToKeep=100 maxNumLogsToKeep=10 numVersionBuckets=65536
2021-04-08 06:16:57.932 INFO  (coreLoadExecutor-13-thread-1) [   x:songs] o.a.s.u.CommitTracker Hard AutoCommit: if uncommitted for 15000ms; 
2021-04-08 06:16:57.932 INFO  (coreLoadExecutor-13-thread-1) [   x:songs] o.a.s.u.CommitTracker Soft AutoCommit: disabled
2021-04-08 06:16:58.148 INFO  (coreLoadExecutor-13-thread-1) [   x:songs] o.a.s.r.ManagedResourceStorage File-based storage initialized to use dir: /Users/laksh/Desktop/Projects/Sentiment-Song-Search/solr/server/solr/songs/conf
2021-04-08 06:16:58.161 INFO  (coreLoadExecutor-13-thread-1) [   x:songs] o.a.s.h.c.SpellCheckComponent Initializing spell checkers
2021-04-08 06:16:58.169 INFO  (coreLoadExecutor-13-thread-1) [   x:songs] o.a.s.s.DirectSolrSpellChecker init: {name=default,field=_text_,classname=solr.DirectSolrSpellChecker,distanceMeasure=internal,accuracy=0.5,maxEdits=2,minPrefix=1,maxInspections=5,minQueryLength=4,maxQueryFrequency=0.01}
2021-04-08 06:16:58.181 INFO  (coreLoadExecutor-13-thread-1) [   x:songs] o.a.s.h.ReplicationHandler Commits will be reserved for 10000 ms
2021-04-08 06:16:58.208 INFO  (searcherExecutor-15-thread-1-processing-x:songs) [   x:songs] o.a.s.c.QuerySenderListener QuerySenderListener done.
2021-04-08 06:16:58.209 INFO  (searcherExecutor-15-thread-1-processing-x:songs) [   x:songs] o.a.s.h.c.SpellCheckComponent Loading spell index for spellchecker: default
2021-04-08 06:16:58.216 INFO  (searcherExecutor-15-thread-1-processing-x:songs) [   x:songs] o.a.s.c.SolrCore [songs]  Registered new searcher autowarm time: 0 ms
2021-04-08 06:17:11.659 INFO  (qtp949767857-21) [   x:songs] o.a.s.c.S.Request [songs]  webapp=/solr path=/select params={q=lyrics:"im+in+love+with+the+shape+of+you"} hits=0 status=0 QTime=186
2021-04-08 06:17:15.588 INFO  (qtp949767857-16) [   x:songs] o.a.s.c.S.Request [songs]  webapp=/solr path=/select params={q=lyrics:"I'm+in+love+with+the+shape+of+you"} hits=3 status=0 QTime=16
2021-04-08 06:21:17.835 INFO  (qtp949767857-24) [   x:songs] o.a.s.c.S.Request [songs]  webapp=/solr path=/select params={q=lyrics:"hello"} hits=167 status=0 QTime=11
2021-04-08 06:22:09.953 INFO  (ShutdownMonitor) [   ] o.e.j.s.AbstractConnector Stopped ServerConnector@6179e425{HTTP/1.1, (http/1.1, h2c)}{0.0.0.0:8983}
2021-04-08 06:22:09.953 INFO  (ShutdownMonitor) [   ] o.e.j.s.session node0 Stopped scavenging
2021-04-08 06:22:09.958 INFO  (ShutdownMonitor) [   ] o.a.s.c.CoreContainer Shutting down CoreContainer instance=1878225987
2021-04-08 06:22:09.961 INFO  (coreCloseExecutor-21-thread-1) [   ] o.a.s.c.SolrCore [songs]  CLOSING SolrCore org.apache.solr.core.SolrCore@42e6fe23
2021-04-08 06:22:09.961 INFO  (coreCloseExecutor-21-thread-1) [   ] o.a.s.m.SolrMetricManager Closing metric reporters for registry=solr.core.songs tag=SolrCore@42e6fe23
2021-04-08 06:22:09.962 INFO  (coreCloseExecutor-21-thread-1) [   ] o.a.s.m.r.SolrJmxReporter Closing reporter [org.apache.solr.metrics.reporters.SolrJmxReporter@1c01a044: rootName = null, domain = solr.core.songs, service url = null, agent id = null] for registry solr.core.songs/com.codahale.metrics.MetricRegistry@977401d
2021-04-08 06:22:09.998 INFO  (coreCloseExecutor-21-thread-1) [   ] o.a.s.u.DirectUpdateHandler2 Committing on IndexWriter.close()  ... SKIPPED (unnecessary).
2021-04-08 06:22:10.062 INFO  (ShutdownMonitor) [   ] o.a.s.m.SolrMetricManager Closing metric reporters for registry=solr.node tag=null
2021-04-08 06:22:10.062 INFO  (ShutdownMonitor) [   ] o.a.s.m.r.SolrJmxReporter Closing reporter [org.apache.solr.metrics.reporters.SolrJmxReporter@3d0035d2: rootName = null, domain = solr.node, service url = null, agent id = null] for registry solr.node/com.codahale.metrics.MetricRegistry@46276c9f
2021-04-08 06:22:10.070 INFO  (ShutdownMonitor) [   ] o.a.s.m.SolrMetricManager Closing metric reporters for registry=solr.jvm tag=null
2021-04-08 06:22:10.070 INFO  (ShutdownMonitor) [   ] o.a.s.m.r.SolrJmxReporter Closing reporter [org.apache.solr.metrics.reporters.SolrJmxReporter@378f002a: rootName = null, domain = solr.jvm, service url = null, agent id = null] for registry solr.jvm/com.codahale.metrics.MetricRegistry@4f0a9616
2021-04-08 06:22:10.075 INFO  (ShutdownMonitor) [   ] o.a.s.m.SolrMetricManager Closing metric reporters for registry=solr.jetty tag=null
2021-04-08 06:22:10.075 INFO  (ShutdownMonitor) [   ] o.a.s.m.r.SolrJmxReporter Closing reporter [org.apache.solr.metrics.reporters.SolrJmxReporter@1afd72ef: rootName = null, domain = solr.jetty, service url = null, agent id = null] for registry solr.jetty/com.codahale.metrics.MetricRegistry@6f448756
2021-04-08 06:22:10.101 INFO  (ShutdownMonitor) [   ] o.e.j.s.h.ContextHandler Stopped o.e.j.w.WebAppContext@3dddefd8{/solr,null,STOPPED}{/Users/laksh/Desktop/Projects/Sentiment-Song-Search/solr/server/solr-webapp/webapp}
